{"/Users/sritiman.adak/Documents/neev closure pre/todoapp-ui/src/App.jsx": {"path":"/Users/sritiman.adak/Documents/neev closure pre/todoapp-ui/src/App.jsx","statementMap":{"0":{"start":{"line":3,"column":12},"end":{"line":10,"column":1}},"1":{"start":{"line":4,"column":4},"end":{"line":9,"column":5}}},"fnMap":{"0":{"name":"(anonymous_0)","decl":{"start":{"line":3,"column":12},"end":{"line":3,"column":13}},"loc":{"start":{"line":3,"column":17},"end":{"line":10,"column":1}},"line":3}},"branchMap":{},"s":{"0":1,"1":1},"f":{"0":1},"b":{},"_coverageSchema":"1a1c01bbd47fc00a2c39e90264f33305004495a9","hash":"2643998b9257b61b854706d7f62adabeab3c01ba"}
,"/Users/sritiman.adak/Documents/neev closure pre/todoapp-ui/src/index.js": {"path":"/Users/sritiman.adak/Documents/neev closure pre/todoapp-ui/src/index.js","statementMap":{"0":{"start":{"line":6,"column":13},"end":{"line":6,"column":56}},"1":{"start":{"line":7,"column":0},"end":{"line":9,"column":2}}},"fnMap":{},"branchMap":{},"s":{"0":0,"1":0},"f":{},"b":{}}
}
